<?xml version="1.0" encoding="UTF-8"?>
<!-- Generated by org.testng.reporters.JUnitXMLReporter -->
<testsuite hostname="DESKTOP-HSI482M" name="Sample test" tests="9" failures="0" timestamp="6 Nov 2019 16:09:25 GMT" time="17.309" errors="0">
  <testcase name="@BeforeMethod setUp" time="0.0" classname="com.training.sanity.tests.RealEstateRETC_016">
    <failure type="org.openqa.selenium.SessionNotCreatedException" message="session not created: This version of ChromeDriver only supports Chrome version 76
Build info: version: &amp;apos;3.141.59&amp;apos;, revision: &amp;apos;e82be7d358&amp;apos;, time: &amp;apos;2018-11-14T08:25:53&amp;apos;
System info: host: &amp;apos;DESKTOP-HSI482M&amp;apos;, ip: &amp;apos;192.168.43.126&amp;apos;, os.name: &amp;apos;Windows 10&amp;apos;, os.arch: &amp;apos;amd64&amp;apos;, os.version: &amp;apos;10.0&amp;apos;, java.version: &amp;apos;1.8.0_231&amp;apos;
Driver info: driver.version: ChromeDriver
remote stacktrace: Backtrace:
	Ordinal0 [0x007F7C53+1473619]
	Ordinal0 [0x0077AD71+961905]
	Ordinal0 [0x007042B3+475827]
	Ordinal0 [0x0069F365+62309]
	Ordinal0 [0x0069BC77+48247]
	Ordinal0 [0x006B9149+168265]
	Ordinal0 [0x006B8D1D+167197]
	Ordinal0 [0x006B742B+160811]
	Ordinal0 [0x006A0AE6+68326]
	Ordinal0 [0x006A1BF0+72688]
	Ordinal0 [0x006A1B89+72585]
	Ordinal0 [0x00794B37+1067831]
	GetHandleVerifier [0x00896845+506677]
	GetHandleVerifier [0x008965E0+506064]
	GetHandleVerifier [0x0089D188+533624]
	GetHandleVerifier [0x0089701A+508682]
	Ordinal0 [0x0078C226+1032742]
	Ordinal0 [0x0078C09F+1032351]
	Ordinal0 [0x00796A4B+1075787]
	Ordinal0 [0x00796BB3+1076147]
	Ordinal0 [0x00795B65+1071973]
	BaseThreadInitThunk [0x76066359+25]
	RtlGetAppContainerNamedObjectPath [0x777A7B74+228]
	RtlGetAppContainerNamedObjectPath [0x777A7B44+180]
">
      <![CDATA[org.openqa.selenium.SessionNotCreatedException: session not created: This version of ChromeDriver only supports Chrome version 76
Build info: version: '3.141.59', revision: 'e82be7d358', time: '2018-11-14T08:25:53'
System info: host: 'DESKTOP-HSI482M', ip: '192.168.43.126', os.name: 'Windows 10', os.arch: 'amd64', os.version: '10.0', java.version: '1.8.0_231'
Driver info: driver.version: ChromeDriver
remote stacktrace: Backtrace:
	Ordinal0 [0x007F7C53+1473619]
	Ordinal0 [0x0077AD71+961905]
	Ordinal0 [0x007042B3+475827]
	Ordinal0 [0x0069F365+62309]
	Ordinal0 [0x0069BC77+48247]
	Ordinal0 [0x006B9149+168265]
	Ordinal0 [0x006B8D1D+167197]
	Ordinal0 [0x006B742B+160811]
	Ordinal0 [0x006A0AE6+68326]
	Ordinal0 [0x006A1BF0+72688]
	Ordinal0 [0x006A1B89+72585]
	Ordinal0 [0x00794B37+1067831]
	GetHandleVerifier [0x00896845+506677]
	GetHandleVerifier [0x008965E0+506064]
	GetHandleVerifier [0x0089D188+533624]
	GetHandleVerifier [0x0089701A+508682]
	Ordinal0 [0x0078C226+1032742]
	Ordinal0 [0x0078C09F+1032351]
	Ordinal0 [0x00796A4B+1075787]
	Ordinal0 [0x00796BB3+1076147]
	Ordinal0 [0x00795B65+1071973]
	BaseThreadInitThunk [0x76066359+25]
	RtlGetAppContainerNamedObjectPath [0x777A7B74+228]
	RtlGetAppContainerNamedObjectPath [0x777A7B44+180]

	at org.openqa.selenium.remote.W3CHandshakeResponse.lambda$errorHandler$0(W3CHandshakeResponse.java:62)
	at org.openqa.selenium.remote.HandshakeResponse.lambda$getResponseFunction$0(HandshakeResponse.java:30)
	at org.openqa.selenium.remote.ProtocolHandshake.lambda$createSession$0(ProtocolHandshake.java:126)
	at java.util.stream.ReferencePipeline$3$1.accept(Unknown Source)
	at java.util.Spliterators$ArraySpliterator.tryAdvance(Unknown Source)
	at java.util.stream.ReferencePipeline.forEachWithCancel(Unknown Source)
	at java.util.stream.AbstractPipeline.copyIntoWithCancel(Unknown Source)
	at java.util.stream.AbstractPipeline.copyInto(Unknown Source)
	at java.util.stream.AbstractPipeline.wrapAndCopyInto(Unknown Source)
	at java.util.stream.FindOps$FindOp.evaluateSequential(Unknown Source)
	at java.util.stream.AbstractPipeline.evaluate(Unknown Source)
	at java.util.stream.ReferencePipeline.findFirst(Unknown Source)
	at org.openqa.selenium.remote.ProtocolHandshake.createSession(ProtocolHandshake.java:128)
	at org.openqa.selenium.remote.ProtocolHandshake.createSession(ProtocolHandshake.java:74)
	at org.openqa.selenium.remote.HttpCommandExecutor.execute(HttpCommandExecutor.java:136)
	at org.openqa.selenium.remote.service.DriverCommandExecutor.execute(DriverCommandExecutor.java:83)
	at org.openqa.selenium.remote.RemoteWebDriver.execute(RemoteWebDriver.java:552)
	at org.openqa.selenium.remote.RemoteWebDriver.startSession(RemoteWebDriver.java:213)
	at org.openqa.selenium.remote.RemoteWebDriver.<init>(RemoteWebDriver.java:131)
	at org.openqa.selenium.chrome.ChromeDriver.<init>(ChromeDriver.java:181)
	at org.openqa.selenium.chrome.ChromeDriver.<init>(ChromeDriver.java:168)
	at org.openqa.selenium.chrome.ChromeDriver.<init>(ChromeDriver.java:123)
	at com.training.utility.DriverFactory.getDriver(DriverFactory.java:24)
	at com.training.sanity.tests.RealEstateRETC_016.setUp(RealEstateRETC_016.java:40)
... Removed 30 stack frames]]>
    </failure>
  </testcase> <!-- @BeforeMethod setUp -->
  <testcase name="@AfterMethod tearDown" time="0.0" classname="com.training.sanity.tests.RealEstateRETC_016">
    <skipped/>
  </testcase> <!-- @AfterMethod tearDown -->
  <testcase name="@BeforeMethod beforeMethod" time="0.0" classname="com.training.sanity.tests.RealEstateRETC_017">
    <failure type="org.openqa.selenium.SessionNotCreatedException" message="session not created: This version of ChromeDriver only supports Chrome version 76
Build info: version: &amp;apos;3.141.59&amp;apos;, revision: &amp;apos;e82be7d358&amp;apos;, time: &amp;apos;2018-11-14T08:25:53&amp;apos;
System info: host: &amp;apos;DESKTOP-HSI482M&amp;apos;, ip: &amp;apos;192.168.43.126&amp;apos;, os.name: &amp;apos;Windows 10&amp;apos;, os.arch: &amp;apos;amd64&amp;apos;, os.version: &amp;apos;10.0&amp;apos;, java.version: &amp;apos;1.8.0_231&amp;apos;
Driver info: driver.version: ChromeDriver
remote stacktrace: Backtrace:
	Ordinal0 [0x007F7C53+1473619]
	Ordinal0 [0x0077AD71+961905]
	Ordinal0 [0x007042B3+475827]
	Ordinal0 [0x0069F365+62309]
	Ordinal0 [0x0069BC77+48247]
	Ordinal0 [0x006B9149+168265]
	Ordinal0 [0x006B8D1D+167197]
	Ordinal0 [0x006B742B+160811]
	Ordinal0 [0x006A0AE6+68326]
	Ordinal0 [0x006A1BF0+72688]
	Ordinal0 [0x006A1B89+72585]
	Ordinal0 [0x00794B37+1067831]
	GetHandleVerifier [0x00896845+506677]
	GetHandleVerifier [0x008965E0+506064]
	GetHandleVerifier [0x0089D188+533624]
	GetHandleVerifier [0x0089701A+508682]
	Ordinal0 [0x0078C226+1032742]
	Ordinal0 [0x0078C09F+1032351]
	Ordinal0 [0x00796A4B+1075787]
	Ordinal0 [0x00796BB3+1076147]
	Ordinal0 [0x00795B65+1071973]
	BaseThreadInitThunk [0x76066359+25]
	RtlGetAppContainerNamedObjectPath [0x777A7B74+228]
	RtlGetAppContainerNamedObjectPath [0x777A7B44+180]
">
      <![CDATA[org.openqa.selenium.SessionNotCreatedException: session not created: This version of ChromeDriver only supports Chrome version 76
Build info: version: '3.141.59', revision: 'e82be7d358', time: '2018-11-14T08:25:53'
System info: host: 'DESKTOP-HSI482M', ip: '192.168.43.126', os.name: 'Windows 10', os.arch: 'amd64', os.version: '10.0', java.version: '1.8.0_231'
Driver info: driver.version: ChromeDriver
remote stacktrace: Backtrace:
	Ordinal0 [0x007F7C53+1473619]
	Ordinal0 [0x0077AD71+961905]
	Ordinal0 [0x007042B3+475827]
	Ordinal0 [0x0069F365+62309]
	Ordinal0 [0x0069BC77+48247]
	Ordinal0 [0x006B9149+168265]
	Ordinal0 [0x006B8D1D+167197]
	Ordinal0 [0x006B742B+160811]
	Ordinal0 [0x006A0AE6+68326]
	Ordinal0 [0x006A1BF0+72688]
	Ordinal0 [0x006A1B89+72585]
	Ordinal0 [0x00794B37+1067831]
	GetHandleVerifier [0x00896845+506677]
	GetHandleVerifier [0x008965E0+506064]
	GetHandleVerifier [0x0089D188+533624]
	GetHandleVerifier [0x0089701A+508682]
	Ordinal0 [0x0078C226+1032742]
	Ordinal0 [0x0078C09F+1032351]
	Ordinal0 [0x00796A4B+1075787]
	Ordinal0 [0x00796BB3+1076147]
	Ordinal0 [0x00795B65+1071973]
	BaseThreadInitThunk [0x76066359+25]
	RtlGetAppContainerNamedObjectPath [0x777A7B74+228]
	RtlGetAppContainerNamedObjectPath [0x777A7B44+180]

	at org.openqa.selenium.remote.W3CHandshakeResponse.lambda$errorHandler$0(W3CHandshakeResponse.java:62)
	at org.openqa.selenium.remote.HandshakeResponse.lambda$getResponseFunction$0(HandshakeResponse.java:30)
	at org.openqa.selenium.remote.ProtocolHandshake.lambda$createSession$0(ProtocolHandshake.java:126)
	at java.util.stream.ReferencePipeline$3$1.accept(Unknown Source)
	at java.util.Spliterators$ArraySpliterator.tryAdvance(Unknown Source)
	at java.util.stream.ReferencePipeline.forEachWithCancel(Unknown Source)
	at java.util.stream.AbstractPipeline.copyIntoWithCancel(Unknown Source)
	at java.util.stream.AbstractPipeline.copyInto(Unknown Source)
	at java.util.stream.AbstractPipeline.wrapAndCopyInto(Unknown Source)
	at java.util.stream.FindOps$FindOp.evaluateSequential(Unknown Source)
	at java.util.stream.AbstractPipeline.evaluate(Unknown Source)
	at java.util.stream.ReferencePipeline.findFirst(Unknown Source)
	at org.openqa.selenium.remote.ProtocolHandshake.createSession(ProtocolHandshake.java:128)
	at org.openqa.selenium.remote.ProtocolHandshake.createSession(ProtocolHandshake.java:74)
	at org.openqa.selenium.remote.HttpCommandExecutor.execute(HttpCommandExecutor.java:136)
	at org.openqa.selenium.remote.service.DriverCommandExecutor.execute(DriverCommandExecutor.java:83)
	at org.openqa.selenium.remote.RemoteWebDriver.execute(RemoteWebDriver.java:552)
	at org.openqa.selenium.remote.RemoteWebDriver.startSession(RemoteWebDriver.java:213)
	at org.openqa.selenium.remote.RemoteWebDriver.<init>(RemoteWebDriver.java:131)
	at org.openqa.selenium.chrome.ChromeDriver.<init>(ChromeDriver.java:181)
	at org.openqa.selenium.chrome.ChromeDriver.<init>(ChromeDriver.java:168)
	at org.openqa.selenium.chrome.ChromeDriver.<init>(ChromeDriver.java:123)
	at com.training.utility.DriverFactory.getDriver(DriverFactory.java:24)
	at com.training.sanity.tests.RealEstateRETC_017.beforeMethod(RealEstateRETC_017.java:35)
... Removed 30 stack frames]]>
    </failure>
  </testcase> <!-- @BeforeMethod beforeMethod -->
  <testcase name="@AfterMethod tearDown" time="0.0" classname="com.training.sanity.tests.RealEstateRETC_017">
    <skipped/>
  </testcase> <!-- @AfterMethod tearDown -->
  <testcase name="@BeforeMethod setUp" time="0.0" classname="com.training.sanity.tests.RealEstateRETC_018">
    <failure type="org.openqa.selenium.SessionNotCreatedException" message="session not created: This version of ChromeDriver only supports Chrome version 76
Build info: version: &amp;apos;3.141.59&amp;apos;, revision: &amp;apos;e82be7d358&amp;apos;, time: &amp;apos;2018-11-14T08:25:53&amp;apos;
System info: host: &amp;apos;DESKTOP-HSI482M&amp;apos;, ip: &amp;apos;192.168.43.126&amp;apos;, os.name: &amp;apos;Windows 10&amp;apos;, os.arch: &amp;apos;amd64&amp;apos;, os.version: &amp;apos;10.0&amp;apos;, java.version: &amp;apos;1.8.0_231&amp;apos;
Driver info: driver.version: ChromeDriver
remote stacktrace: Backtrace:
	Ordinal0 [0x007F7C53+1473619]
	Ordinal0 [0x0077AD71+961905]
	Ordinal0 [0x007042B3+475827]
	Ordinal0 [0x0069F365+62309]
	Ordinal0 [0x0069BC77+48247]
	Ordinal0 [0x006B9149+168265]
	Ordinal0 [0x006B8D1D+167197]
	Ordinal0 [0x006B742B+160811]
	Ordinal0 [0x006A0AE6+68326]
	Ordinal0 [0x006A1BF0+72688]
	Ordinal0 [0x006A1B89+72585]
	Ordinal0 [0x00794B37+1067831]
	GetHandleVerifier [0x00896845+506677]
	GetHandleVerifier [0x008965E0+506064]
	GetHandleVerifier [0x0089D188+533624]
	GetHandleVerifier [0x0089701A+508682]
	Ordinal0 [0x0078C226+1032742]
	Ordinal0 [0x0078C09F+1032351]
	Ordinal0 [0x00796A4B+1075787]
	Ordinal0 [0x00796BB3+1076147]
	Ordinal0 [0x00795B65+1071973]
	BaseThreadInitThunk [0x76066359+25]
	RtlGetAppContainerNamedObjectPath [0x777A7B74+228]
	RtlGetAppContainerNamedObjectPath [0x777A7B44+180]
">
      <![CDATA[org.openqa.selenium.SessionNotCreatedException: session not created: This version of ChromeDriver only supports Chrome version 76
Build info: version: '3.141.59', revision: 'e82be7d358', time: '2018-11-14T08:25:53'
System info: host: 'DESKTOP-HSI482M', ip: '192.168.43.126', os.name: 'Windows 10', os.arch: 'amd64', os.version: '10.0', java.version: '1.8.0_231'
Driver info: driver.version: ChromeDriver
remote stacktrace: Backtrace:
	Ordinal0 [0x007F7C53+1473619]
	Ordinal0 [0x0077AD71+961905]
	Ordinal0 [0x007042B3+475827]
	Ordinal0 [0x0069F365+62309]
	Ordinal0 [0x0069BC77+48247]
	Ordinal0 [0x006B9149+168265]
	Ordinal0 [0x006B8D1D+167197]
	Ordinal0 [0x006B742B+160811]
	Ordinal0 [0x006A0AE6+68326]
	Ordinal0 [0x006A1BF0+72688]
	Ordinal0 [0x006A1B89+72585]
	Ordinal0 [0x00794B37+1067831]
	GetHandleVerifier [0x00896845+506677]
	GetHandleVerifier [0x008965E0+506064]
	GetHandleVerifier [0x0089D188+533624]
	GetHandleVerifier [0x0089701A+508682]
	Ordinal0 [0x0078C226+1032742]
	Ordinal0 [0x0078C09F+1032351]
	Ordinal0 [0x00796A4B+1075787]
	Ordinal0 [0x00796BB3+1076147]
	Ordinal0 [0x00795B65+1071973]
	BaseThreadInitThunk [0x76066359+25]
	RtlGetAppContainerNamedObjectPath [0x777A7B74+228]
	RtlGetAppContainerNamedObjectPath [0x777A7B44+180]

	at org.openqa.selenium.remote.W3CHandshakeResponse.lambda$errorHandler$0(W3CHandshakeResponse.java:62)
	at org.openqa.selenium.remote.HandshakeResponse.lambda$getResponseFunction$0(HandshakeResponse.java:30)
	at org.openqa.selenium.remote.ProtocolHandshake.lambda$createSession$0(ProtocolHandshake.java:126)
	at java.util.stream.ReferencePipeline$3$1.accept(Unknown Source)
	at java.util.Spliterators$ArraySpliterator.tryAdvance(Unknown Source)
	at java.util.stream.ReferencePipeline.forEachWithCancel(Unknown Source)
	at java.util.stream.AbstractPipeline.copyIntoWithCancel(Unknown Source)
	at java.util.stream.AbstractPipeline.copyInto(Unknown Source)
	at java.util.stream.AbstractPipeline.wrapAndCopyInto(Unknown Source)
	at java.util.stream.FindOps$FindOp.evaluateSequential(Unknown Source)
	at java.util.stream.AbstractPipeline.evaluate(Unknown Source)
	at java.util.stream.ReferencePipeline.findFirst(Unknown Source)
	at org.openqa.selenium.remote.ProtocolHandshake.createSession(ProtocolHandshake.java:128)
	at org.openqa.selenium.remote.ProtocolHandshake.createSession(ProtocolHandshake.java:74)
	at org.openqa.selenium.remote.HttpCommandExecutor.execute(HttpCommandExecutor.java:136)
	at org.openqa.selenium.remote.service.DriverCommandExecutor.execute(DriverCommandExecutor.java:83)
	at org.openqa.selenium.remote.RemoteWebDriver.execute(RemoteWebDriver.java:552)
	at org.openqa.selenium.remote.RemoteWebDriver.startSession(RemoteWebDriver.java:213)
	at org.openqa.selenium.remote.RemoteWebDriver.<init>(RemoteWebDriver.java:131)
	at org.openqa.selenium.chrome.ChromeDriver.<init>(ChromeDriver.java:181)
	at org.openqa.selenium.chrome.ChromeDriver.<init>(ChromeDriver.java:168)
	at org.openqa.selenium.chrome.ChromeDriver.<init>(ChromeDriver.java:123)
	at com.training.utility.DriverFactory.getDriver(DriverFactory.java:24)
	at com.training.sanity.tests.RealEstateRETC_018.setUp(RealEstateRETC_018.java:36)
... Removed 30 stack frames]]>
    </failure>
  </testcase> <!-- @BeforeMethod setUp -->
  <testcase name="@AfterMethod tearDown" time="0.0" classname="com.training.sanity.tests.RealEstateRETC_018">
    <skipped/>
  </testcase> <!-- @AfterMethod tearDown -->
  <testcase name="@BeforeMethod setUp" time="0.0" classname="com.training.sanity.tests.RealEstateRETC_046">
    <failure type="org.openqa.selenium.SessionNotCreatedException" message="session not created: This version of ChromeDriver only supports Chrome version 76
Build info: version: &amp;apos;3.141.59&amp;apos;, revision: &amp;apos;e82be7d358&amp;apos;, time: &amp;apos;2018-11-14T08:25:53&amp;apos;
System info: host: &amp;apos;DESKTOP-HSI482M&amp;apos;, ip: &amp;apos;192.168.43.126&amp;apos;, os.name: &amp;apos;Windows 10&amp;apos;, os.arch: &amp;apos;amd64&amp;apos;, os.version: &amp;apos;10.0&amp;apos;, java.version: &amp;apos;1.8.0_231&amp;apos;
Driver info: driver.version: ChromeDriver
remote stacktrace: Backtrace:
	Ordinal0 [0x007F7C53+1473619]
	Ordinal0 [0x0077AD71+961905]
	Ordinal0 [0x007042B3+475827]
	Ordinal0 [0x0069F365+62309]
	Ordinal0 [0x0069BC77+48247]
	Ordinal0 [0x006B9149+168265]
	Ordinal0 [0x006B8D1D+167197]
	Ordinal0 [0x006B742B+160811]
	Ordinal0 [0x006A0AE6+68326]
	Ordinal0 [0x006A1BF0+72688]
	Ordinal0 [0x006A1B89+72585]
	Ordinal0 [0x00794B37+1067831]
	GetHandleVerifier [0x00896845+506677]
	GetHandleVerifier [0x008965E0+506064]
	GetHandleVerifier [0x0089D188+533624]
	GetHandleVerifier [0x0089701A+508682]
	Ordinal0 [0x0078C226+1032742]
	Ordinal0 [0x0078C09F+1032351]
	Ordinal0 [0x00796A4B+1075787]
	Ordinal0 [0x00796BB3+1076147]
	Ordinal0 [0x00795B65+1071973]
	BaseThreadInitThunk [0x76066359+25]
	RtlGetAppContainerNamedObjectPath [0x777A7B74+228]
	RtlGetAppContainerNamedObjectPath [0x777A7B44+180]
">
      <![CDATA[org.openqa.selenium.SessionNotCreatedException: session not created: This version of ChromeDriver only supports Chrome version 76
Build info: version: '3.141.59', revision: 'e82be7d358', time: '2018-11-14T08:25:53'
System info: host: 'DESKTOP-HSI482M', ip: '192.168.43.126', os.name: 'Windows 10', os.arch: 'amd64', os.version: '10.0', java.version: '1.8.0_231'
Driver info: driver.version: ChromeDriver
remote stacktrace: Backtrace:
	Ordinal0 [0x007F7C53+1473619]
	Ordinal0 [0x0077AD71+961905]
	Ordinal0 [0x007042B3+475827]
	Ordinal0 [0x0069F365+62309]
	Ordinal0 [0x0069BC77+48247]
	Ordinal0 [0x006B9149+168265]
	Ordinal0 [0x006B8D1D+167197]
	Ordinal0 [0x006B742B+160811]
	Ordinal0 [0x006A0AE6+68326]
	Ordinal0 [0x006A1BF0+72688]
	Ordinal0 [0x006A1B89+72585]
	Ordinal0 [0x00794B37+1067831]
	GetHandleVerifier [0x00896845+506677]
	GetHandleVerifier [0x008965E0+506064]
	GetHandleVerifier [0x0089D188+533624]
	GetHandleVerifier [0x0089701A+508682]
	Ordinal0 [0x0078C226+1032742]
	Ordinal0 [0x0078C09F+1032351]
	Ordinal0 [0x00796A4B+1075787]
	Ordinal0 [0x00796BB3+1076147]
	Ordinal0 [0x00795B65+1071973]
	BaseThreadInitThunk [0x76066359+25]
	RtlGetAppContainerNamedObjectPath [0x777A7B74+228]
	RtlGetAppContainerNamedObjectPath [0x777A7B44+180]

	at org.openqa.selenium.remote.W3CHandshakeResponse.lambda$errorHandler$0(W3CHandshakeResponse.java:62)
	at org.openqa.selenium.remote.HandshakeResponse.lambda$getResponseFunction$0(HandshakeResponse.java:30)
	at org.openqa.selenium.remote.ProtocolHandshake.lambda$createSession$0(ProtocolHandshake.java:126)
	at java.util.stream.ReferencePipeline$3$1.accept(Unknown Source)
	at java.util.Spliterators$ArraySpliterator.tryAdvance(Unknown Source)
	at java.util.stream.ReferencePipeline.forEachWithCancel(Unknown Source)
	at java.util.stream.AbstractPipeline.copyIntoWithCancel(Unknown Source)
	at java.util.stream.AbstractPipeline.copyInto(Unknown Source)
	at java.util.stream.AbstractPipeline.wrapAndCopyInto(Unknown Source)
	at java.util.stream.FindOps$FindOp.evaluateSequential(Unknown Source)
	at java.util.stream.AbstractPipeline.evaluate(Unknown Source)
	at java.util.stream.ReferencePipeline.findFirst(Unknown Source)
	at org.openqa.selenium.remote.ProtocolHandshake.createSession(ProtocolHandshake.java:128)
	at org.openqa.selenium.remote.ProtocolHandshake.createSession(ProtocolHandshake.java:74)
	at org.openqa.selenium.remote.HttpCommandExecutor.execute(HttpCommandExecutor.java:136)
	at org.openqa.selenium.remote.service.DriverCommandExecutor.execute(DriverCommandExecutor.java:83)
	at org.openqa.selenium.remote.RemoteWebDriver.execute(RemoteWebDriver.java:552)
	at org.openqa.selenium.remote.RemoteWebDriver.startSession(RemoteWebDriver.java:213)
	at org.openqa.selenium.remote.RemoteWebDriver.<init>(RemoteWebDriver.java:131)
	at org.openqa.selenium.chrome.ChromeDriver.<init>(ChromeDriver.java:181)
	at org.openqa.selenium.chrome.ChromeDriver.<init>(ChromeDriver.java:168)
	at org.openqa.selenium.chrome.ChromeDriver.<init>(ChromeDriver.java:123)
	at com.training.utility.DriverFactory.getDriver(DriverFactory.java:24)
	at com.training.sanity.tests.RealEstateRETC_046.setUp(RealEstateRETC_046.java:41)
... Removed 30 stack frames]]>
    </failure>
  </testcase> <!-- @BeforeMethod setUp -->
  <testcase name="@AfterMethod tearDown" time="0.0" classname="com.training.sanity.tests.RealEstateRETC_046">
    <skipped/>
  </testcase> <!-- @AfterMethod tearDown -->
  <testcase name="@BeforeMethod setUp" time="0.0" classname="com.training.sanity.tests.RealEstateRETC_047">
    <failure type="org.openqa.selenium.SessionNotCreatedException" message="session not created: This version of ChromeDriver only supports Chrome version 76
Build info: version: &amp;apos;3.141.59&amp;apos;, revision: &amp;apos;e82be7d358&amp;apos;, time: &amp;apos;2018-11-14T08:25:53&amp;apos;
System info: host: &amp;apos;DESKTOP-HSI482M&amp;apos;, ip: &amp;apos;192.168.43.126&amp;apos;, os.name: &amp;apos;Windows 10&amp;apos;, os.arch: &amp;apos;amd64&amp;apos;, os.version: &amp;apos;10.0&amp;apos;, java.version: &amp;apos;1.8.0_231&amp;apos;
Driver info: driver.version: ChromeDriver
remote stacktrace: Backtrace:
	Ordinal0 [0x007F7C53+1473619]
	Ordinal0 [0x0077AD71+961905]
	Ordinal0 [0x007042B3+475827]
	Ordinal0 [0x0069F365+62309]
	Ordinal0 [0x0069BC77+48247]
	Ordinal0 [0x006B9149+168265]
	Ordinal0 [0x006B8D1D+167197]
	Ordinal0 [0x006B742B+160811]
	Ordinal0 [0x006A0AE6+68326]
	Ordinal0 [0x006A1BF0+72688]
	Ordinal0 [0x006A1B89+72585]
	Ordinal0 [0x00794B37+1067831]
	GetHandleVerifier [0x00896845+506677]
	GetHandleVerifier [0x008965E0+506064]
	GetHandleVerifier [0x0089D188+533624]
	GetHandleVerifier [0x0089701A+508682]
	Ordinal0 [0x0078C226+1032742]
	Ordinal0 [0x0078C09F+1032351]
	Ordinal0 [0x00796A4B+1075787]
	Ordinal0 [0x00796BB3+1076147]
	Ordinal0 [0x00795B65+1071973]
	BaseThreadInitThunk [0x76066359+25]
	RtlGetAppContainerNamedObjectPath [0x777A7B74+228]
	RtlGetAppContainerNamedObjectPath [0x777A7B44+180]
">
      <![CDATA[org.openqa.selenium.SessionNotCreatedException: session not created: This version of ChromeDriver only supports Chrome version 76
Build info: version: '3.141.59', revision: 'e82be7d358', time: '2018-11-14T08:25:53'
System info: host: 'DESKTOP-HSI482M', ip: '192.168.43.126', os.name: 'Windows 10', os.arch: 'amd64', os.version: '10.0', java.version: '1.8.0_231'
Driver info: driver.version: ChromeDriver
remote stacktrace: Backtrace:
	Ordinal0 [0x007F7C53+1473619]
	Ordinal0 [0x0077AD71+961905]
	Ordinal0 [0x007042B3+475827]
	Ordinal0 [0x0069F365+62309]
	Ordinal0 [0x0069BC77+48247]
	Ordinal0 [0x006B9149+168265]
	Ordinal0 [0x006B8D1D+167197]
	Ordinal0 [0x006B742B+160811]
	Ordinal0 [0x006A0AE6+68326]
	Ordinal0 [0x006A1BF0+72688]
	Ordinal0 [0x006A1B89+72585]
	Ordinal0 [0x00794B37+1067831]
	GetHandleVerifier [0x00896845+506677]
	GetHandleVerifier [0x008965E0+506064]
	GetHandleVerifier [0x0089D188+533624]
	GetHandleVerifier [0x0089701A+508682]
	Ordinal0 [0x0078C226+1032742]
	Ordinal0 [0x0078C09F+1032351]
	Ordinal0 [0x00796A4B+1075787]
	Ordinal0 [0x00796BB3+1076147]
	Ordinal0 [0x00795B65+1071973]
	BaseThreadInitThunk [0x76066359+25]
	RtlGetAppContainerNamedObjectPath [0x777A7B74+228]
	RtlGetAppContainerNamedObjectPath [0x777A7B44+180]

	at org.openqa.selenium.remote.W3CHandshakeResponse.lambda$errorHandler$0(W3CHandshakeResponse.java:62)
	at org.openqa.selenium.remote.HandshakeResponse.lambda$getResponseFunction$0(HandshakeResponse.java:30)
	at org.openqa.selenium.remote.ProtocolHandshake.lambda$createSession$0(ProtocolHandshake.java:126)
	at java.util.stream.ReferencePipeline$3$1.accept(Unknown Source)
	at java.util.Spliterators$ArraySpliterator.tryAdvance(Unknown Source)
	at java.util.stream.ReferencePipeline.forEachWithCancel(Unknown Source)
	at java.util.stream.AbstractPipeline.copyIntoWithCancel(Unknown Source)
	at java.util.stream.AbstractPipeline.copyInto(Unknown Source)
	at java.util.stream.AbstractPipeline.wrapAndCopyInto(Unknown Source)
	at java.util.stream.FindOps$FindOp.evaluateSequential(Unknown Source)
	at java.util.stream.AbstractPipeline.evaluate(Unknown Source)
	at java.util.stream.ReferencePipeline.findFirst(Unknown Source)
	at org.openqa.selenium.remote.ProtocolHandshake.createSession(ProtocolHandshake.java:128)
	at org.openqa.selenium.remote.ProtocolHandshake.createSession(ProtocolHandshake.java:74)
	at org.openqa.selenium.remote.HttpCommandExecutor.execute(HttpCommandExecutor.java:136)
	at org.openqa.selenium.remote.service.DriverCommandExecutor.execute(DriverCommandExecutor.java:83)
	at org.openqa.selenium.remote.RemoteWebDriver.execute(RemoteWebDriver.java:552)
	at org.openqa.selenium.remote.RemoteWebDriver.startSession(RemoteWebDriver.java:213)
	at org.openqa.selenium.remote.RemoteWebDriver.<init>(RemoteWebDriver.java:131)
	at org.openqa.selenium.chrome.ChromeDriver.<init>(ChromeDriver.java:181)
	at org.openqa.selenium.chrome.ChromeDriver.<init>(ChromeDriver.java:168)
	at org.openqa.selenium.chrome.ChromeDriver.<init>(ChromeDriver.java:123)
	at com.training.utility.DriverFactory.getDriver(DriverFactory.java:24)
	at com.training.sanity.tests.RealEstateRETC_047.setUp(RealEstateRETC_047.java:38)
... Removed 30 stack frames]]>
    </failure>
  </testcase> <!-- @BeforeMethod setUp -->
  <testcase name="@AfterMethod tearDown" time="0.0" classname="com.training.sanity.tests.RealEstateRETC_047">
    <skipped/>
  </testcase> <!-- @AfterMethod tearDown -->
  <testcase name="@BeforeMethod setUp" time="0.0" classname="com.training.sanity.tests.RealEstateRETC_048">
    <failure type="org.openqa.selenium.SessionNotCreatedException" message="session not created: This version of ChromeDriver only supports Chrome version 76
Build info: version: &amp;apos;3.141.59&amp;apos;, revision: &amp;apos;e82be7d358&amp;apos;, time: &amp;apos;2018-11-14T08:25:53&amp;apos;
System info: host: &amp;apos;DESKTOP-HSI482M&amp;apos;, ip: &amp;apos;192.168.43.126&amp;apos;, os.name: &amp;apos;Windows 10&amp;apos;, os.arch: &amp;apos;amd64&amp;apos;, os.version: &amp;apos;10.0&amp;apos;, java.version: &amp;apos;1.8.0_231&amp;apos;
Driver info: driver.version: ChromeDriver
remote stacktrace: Backtrace:
	Ordinal0 [0x007F7C53+1473619]
	Ordinal0 [0x0077AD71+961905]
	Ordinal0 [0x007042B3+475827]
	Ordinal0 [0x0069F365+62309]
	Ordinal0 [0x0069BC77+48247]
	Ordinal0 [0x006B9149+168265]
	Ordinal0 [0x006B8D1D+167197]
	Ordinal0 [0x006B742B+160811]
	Ordinal0 [0x006A0AE6+68326]
	Ordinal0 [0x006A1BF0+72688]
	Ordinal0 [0x006A1B89+72585]
	Ordinal0 [0x00794B37+1067831]
	GetHandleVerifier [0x00896845+506677]
	GetHandleVerifier [0x008965E0+506064]
	GetHandleVerifier [0x0089D188+533624]
	GetHandleVerifier [0x0089701A+508682]
	Ordinal0 [0x0078C226+1032742]
	Ordinal0 [0x0078C09F+1032351]
	Ordinal0 [0x00796A4B+1075787]
	Ordinal0 [0x00796BB3+1076147]
	Ordinal0 [0x00795B65+1071973]
	BaseThreadInitThunk [0x76066359+25]
	RtlGetAppContainerNamedObjectPath [0x777A7B74+228]
	RtlGetAppContainerNamedObjectPath [0x777A7B44+180]
">
      <![CDATA[org.openqa.selenium.SessionNotCreatedException: session not created: This version of ChromeDriver only supports Chrome version 76
Build info: version: '3.141.59', revision: 'e82be7d358', time: '2018-11-14T08:25:53'
System info: host: 'DESKTOP-HSI482M', ip: '192.168.43.126', os.name: 'Windows 10', os.arch: 'amd64', os.version: '10.0', java.version: '1.8.0_231'
Driver info: driver.version: ChromeDriver
remote stacktrace: Backtrace:
	Ordinal0 [0x007F7C53+1473619]
	Ordinal0 [0x0077AD71+961905]
	Ordinal0 [0x007042B3+475827]
	Ordinal0 [0x0069F365+62309]
	Ordinal0 [0x0069BC77+48247]
	Ordinal0 [0x006B9149+168265]
	Ordinal0 [0x006B8D1D+167197]
	Ordinal0 [0x006B742B+160811]
	Ordinal0 [0x006A0AE6+68326]
	Ordinal0 [0x006A1BF0+72688]
	Ordinal0 [0x006A1B89+72585]
	Ordinal0 [0x00794B37+1067831]
	GetHandleVerifier [0x00896845+506677]
	GetHandleVerifier [0x008965E0+506064]
	GetHandleVerifier [0x0089D188+533624]
	GetHandleVerifier [0x0089701A+508682]
	Ordinal0 [0x0078C226+1032742]
	Ordinal0 [0x0078C09F+1032351]
	Ordinal0 [0x00796A4B+1075787]
	Ordinal0 [0x00796BB3+1076147]
	Ordinal0 [0x00795B65+1071973]
	BaseThreadInitThunk [0x76066359+25]
	RtlGetAppContainerNamedObjectPath [0x777A7B74+228]
	RtlGetAppContainerNamedObjectPath [0x777A7B44+180]

	at org.openqa.selenium.remote.W3CHandshakeResponse.lambda$errorHandler$0(W3CHandshakeResponse.java:62)
	at org.openqa.selenium.remote.HandshakeResponse.lambda$getResponseFunction$0(HandshakeResponse.java:30)
	at org.openqa.selenium.remote.ProtocolHandshake.lambda$createSession$0(ProtocolHandshake.java:126)
	at java.util.stream.ReferencePipeline$3$1.accept(Unknown Source)
	at java.util.Spliterators$ArraySpliterator.tryAdvance(Unknown Source)
	at java.util.stream.ReferencePipeline.forEachWithCancel(Unknown Source)
	at java.util.stream.AbstractPipeline.copyIntoWithCancel(Unknown Source)
	at java.util.stream.AbstractPipeline.copyInto(Unknown Source)
	at java.util.stream.AbstractPipeline.wrapAndCopyInto(Unknown Source)
	at java.util.stream.FindOps$FindOp.evaluateSequential(Unknown Source)
	at java.util.stream.AbstractPipeline.evaluate(Unknown Source)
	at java.util.stream.ReferencePipeline.findFirst(Unknown Source)
	at org.openqa.selenium.remote.ProtocolHandshake.createSession(ProtocolHandshake.java:128)
	at org.openqa.selenium.remote.ProtocolHandshake.createSession(ProtocolHandshake.java:74)
	at org.openqa.selenium.remote.HttpCommandExecutor.execute(HttpCommandExecutor.java:136)
	at org.openqa.selenium.remote.service.DriverCommandExecutor.execute(DriverCommandExecutor.java:83)
	at org.openqa.selenium.remote.RemoteWebDriver.execute(RemoteWebDriver.java:552)
	at org.openqa.selenium.remote.RemoteWebDriver.startSession(RemoteWebDriver.java:213)
	at org.openqa.selenium.remote.RemoteWebDriver.<init>(RemoteWebDriver.java:131)
	at org.openqa.selenium.chrome.ChromeDriver.<init>(ChromeDriver.java:181)
	at org.openqa.selenium.chrome.ChromeDriver.<init>(ChromeDriver.java:168)
	at org.openqa.selenium.chrome.ChromeDriver.<init>(ChromeDriver.java:123)
	at com.training.utility.DriverFactory.getDriver(DriverFactory.java:24)
	at com.training.sanity.tests.RealEstateRETC_048.setUp(RealEstateRETC_048.java:34)
... Removed 30 stack frames]]>
    </failure>
  </testcase> <!-- @BeforeMethod setUp -->
  <testcase name="@AfterMethod tearDown" time="0.0" classname="com.training.sanity.tests.RealEstateRETC_048">
    <skipped/>
  </testcase> <!-- @AfterMethod tearDown -->
  <testcase name="@BeforeMethod setUp" time="0.0" classname="com.training.sanity.tests.RealEstateRETC_076">
    <failure type="org.openqa.selenium.SessionNotCreatedException" message="session not created: This version of ChromeDriver only supports Chrome version 76
Build info: version: &amp;apos;3.141.59&amp;apos;, revision: &amp;apos;e82be7d358&amp;apos;, time: &amp;apos;2018-11-14T08:25:53&amp;apos;
System info: host: &amp;apos;DESKTOP-HSI482M&amp;apos;, ip: &amp;apos;192.168.43.126&amp;apos;, os.name: &amp;apos;Windows 10&amp;apos;, os.arch: &amp;apos;amd64&amp;apos;, os.version: &amp;apos;10.0&amp;apos;, java.version: &amp;apos;1.8.0_231&amp;apos;
Driver info: driver.version: ChromeDriver
remote stacktrace: Backtrace:
	Ordinal0 [0x007F7C53+1473619]
	Ordinal0 [0x0077AD71+961905]
	Ordinal0 [0x007042B3+475827]
	Ordinal0 [0x0069F365+62309]
	Ordinal0 [0x0069BC77+48247]
	Ordinal0 [0x006B9149+168265]
	Ordinal0 [0x006B8D1D+167197]
	Ordinal0 [0x006B742B+160811]
	Ordinal0 [0x006A0AE6+68326]
	Ordinal0 [0x006A1BF0+72688]
	Ordinal0 [0x006A1B89+72585]
	Ordinal0 [0x00794B37+1067831]
	GetHandleVerifier [0x00896845+506677]
	GetHandleVerifier [0x008965E0+506064]
	GetHandleVerifier [0x0089D188+533624]
	GetHandleVerifier [0x0089701A+508682]
	Ordinal0 [0x0078C226+1032742]
	Ordinal0 [0x0078C09F+1032351]
	Ordinal0 [0x00796A4B+1075787]
	Ordinal0 [0x00796BB3+1076147]
	Ordinal0 [0x00795B65+1071973]
	BaseThreadInitThunk [0x76066359+25]
	RtlGetAppContainerNamedObjectPath [0x777A7B74+228]
	RtlGetAppContainerNamedObjectPath [0x777A7B44+180]
">
      <![CDATA[org.openqa.selenium.SessionNotCreatedException: session not created: This version of ChromeDriver only supports Chrome version 76
Build info: version: '3.141.59', revision: 'e82be7d358', time: '2018-11-14T08:25:53'
System info: host: 'DESKTOP-HSI482M', ip: '192.168.43.126', os.name: 'Windows 10', os.arch: 'amd64', os.version: '10.0', java.version: '1.8.0_231'
Driver info: driver.version: ChromeDriver
remote stacktrace: Backtrace:
	Ordinal0 [0x007F7C53+1473619]
	Ordinal0 [0x0077AD71+961905]
	Ordinal0 [0x007042B3+475827]
	Ordinal0 [0x0069F365+62309]
	Ordinal0 [0x0069BC77+48247]
	Ordinal0 [0x006B9149+168265]
	Ordinal0 [0x006B8D1D+167197]
	Ordinal0 [0x006B742B+160811]
	Ordinal0 [0x006A0AE6+68326]
	Ordinal0 [0x006A1BF0+72688]
	Ordinal0 [0x006A1B89+72585]
	Ordinal0 [0x00794B37+1067831]
	GetHandleVerifier [0x00896845+506677]
	GetHandleVerifier [0x008965E0+506064]
	GetHandleVerifier [0x0089D188+533624]
	GetHandleVerifier [0x0089701A+508682]
	Ordinal0 [0x0078C226+1032742]
	Ordinal0 [0x0078C09F+1032351]
	Ordinal0 [0x00796A4B+1075787]
	Ordinal0 [0x00796BB3+1076147]
	Ordinal0 [0x00795B65+1071973]
	BaseThreadInitThunk [0x76066359+25]
	RtlGetAppContainerNamedObjectPath [0x777A7B74+228]
	RtlGetAppContainerNamedObjectPath [0x777A7B44+180]

	at org.openqa.selenium.remote.W3CHandshakeResponse.lambda$errorHandler$0(W3CHandshakeResponse.java:62)
	at org.openqa.selenium.remote.HandshakeResponse.lambda$getResponseFunction$0(HandshakeResponse.java:30)
	at org.openqa.selenium.remote.ProtocolHandshake.lambda$createSession$0(ProtocolHandshake.java:126)
	at java.util.stream.ReferencePipeline$3$1.accept(Unknown Source)
	at java.util.Spliterators$ArraySpliterator.tryAdvance(Unknown Source)
	at java.util.stream.ReferencePipeline.forEachWithCancel(Unknown Source)
	at java.util.stream.AbstractPipeline.copyIntoWithCancel(Unknown Source)
	at java.util.stream.AbstractPipeline.copyInto(Unknown Source)
	at java.util.stream.AbstractPipeline.wrapAndCopyInto(Unknown Source)
	at java.util.stream.FindOps$FindOp.evaluateSequential(Unknown Source)
	at java.util.stream.AbstractPipeline.evaluate(Unknown Source)
	at java.util.stream.ReferencePipeline.findFirst(Unknown Source)
	at org.openqa.selenium.remote.ProtocolHandshake.createSession(ProtocolHandshake.java:128)
	at org.openqa.selenium.remote.ProtocolHandshake.createSession(ProtocolHandshake.java:74)
	at org.openqa.selenium.remote.HttpCommandExecutor.execute(HttpCommandExecutor.java:136)
	at org.openqa.selenium.remote.service.DriverCommandExecutor.execute(DriverCommandExecutor.java:83)
	at org.openqa.selenium.remote.RemoteWebDriver.execute(RemoteWebDriver.java:552)
	at org.openqa.selenium.remote.RemoteWebDriver.startSession(RemoteWebDriver.java:213)
	at org.openqa.selenium.remote.RemoteWebDriver.<init>(RemoteWebDriver.java:131)
	at org.openqa.selenium.chrome.ChromeDriver.<init>(ChromeDriver.java:181)
	at org.openqa.selenium.chrome.ChromeDriver.<init>(ChromeDriver.java:168)
	at org.openqa.selenium.chrome.ChromeDriver.<init>(ChromeDriver.java:123)
	at com.training.utility.DriverFactory.getDriver(DriverFactory.java:24)
	at com.training.sanity.tests.RealEstateRETC_076.setUp(RealEstateRETC_076.java:37)
... Removed 30 stack frames]]>
    </failure>
  </testcase> <!-- @BeforeMethod setUp -->
  <testcase name="@AfterMethod tearDown" time="0.0" classname="com.training.sanity.tests.RealEstateRETC_076">
    <skipped/>
  </testcase> <!-- @AfterMethod tearDown -->
  <testcase name="@BeforeMethod setUp" time="0.0" classname="com.training.sanity.tests.RealEstateRETC_077">
    <failure type="org.openqa.selenium.SessionNotCreatedException" message="session not created: This version of ChromeDriver only supports Chrome version 76
Build info: version: &amp;apos;3.141.59&amp;apos;, revision: &amp;apos;e82be7d358&amp;apos;, time: &amp;apos;2018-11-14T08:25:53&amp;apos;
System info: host: &amp;apos;DESKTOP-HSI482M&amp;apos;, ip: &amp;apos;192.168.43.126&amp;apos;, os.name: &amp;apos;Windows 10&amp;apos;, os.arch: &amp;apos;amd64&amp;apos;, os.version: &amp;apos;10.0&amp;apos;, java.version: &amp;apos;1.8.0_231&amp;apos;
Driver info: driver.version: ChromeDriver
remote stacktrace: Backtrace:
	Ordinal0 [0x007F7C53+1473619]
	Ordinal0 [0x0077AD71+961905]
	Ordinal0 [0x007042B3+475827]
	Ordinal0 [0x0069F365+62309]
	Ordinal0 [0x0069BC77+48247]
	Ordinal0 [0x006B9149+168265]
	Ordinal0 [0x006B8D1D+167197]
	Ordinal0 [0x006B742B+160811]
	Ordinal0 [0x006A0AE6+68326]
	Ordinal0 [0x006A1BF0+72688]
	Ordinal0 [0x006A1B89+72585]
	Ordinal0 [0x00794B37+1067831]
	GetHandleVerifier [0x00896845+506677]
	GetHandleVerifier [0x008965E0+506064]
	GetHandleVerifier [0x0089D188+533624]
	GetHandleVerifier [0x0089701A+508682]
	Ordinal0 [0x0078C226+1032742]
	Ordinal0 [0x0078C09F+1032351]
	Ordinal0 [0x00796A4B+1075787]
	Ordinal0 [0x00796BB3+1076147]
	Ordinal0 [0x00795B65+1071973]
	BaseThreadInitThunk [0x76066359+25]
	RtlGetAppContainerNamedObjectPath [0x777A7B74+228]
	RtlGetAppContainerNamedObjectPath [0x777A7B44+180]
">
      <![CDATA[org.openqa.selenium.SessionNotCreatedException: session not created: This version of ChromeDriver only supports Chrome version 76
Build info: version: '3.141.59', revision: 'e82be7d358', time: '2018-11-14T08:25:53'
System info: host: 'DESKTOP-HSI482M', ip: '192.168.43.126', os.name: 'Windows 10', os.arch: 'amd64', os.version: '10.0', java.version: '1.8.0_231'
Driver info: driver.version: ChromeDriver
remote stacktrace: Backtrace:
	Ordinal0 [0x007F7C53+1473619]
	Ordinal0 [0x0077AD71+961905]
	Ordinal0 [0x007042B3+475827]
	Ordinal0 [0x0069F365+62309]
	Ordinal0 [0x0069BC77+48247]
	Ordinal0 [0x006B9149+168265]
	Ordinal0 [0x006B8D1D+167197]
	Ordinal0 [0x006B742B+160811]
	Ordinal0 [0x006A0AE6+68326]
	Ordinal0 [0x006A1BF0+72688]
	Ordinal0 [0x006A1B89+72585]
	Ordinal0 [0x00794B37+1067831]
	GetHandleVerifier [0x00896845+506677]
	GetHandleVerifier [0x008965E0+506064]
	GetHandleVerifier [0x0089D188+533624]
	GetHandleVerifier [0x0089701A+508682]
	Ordinal0 [0x0078C226+1032742]
	Ordinal0 [0x0078C09F+1032351]
	Ordinal0 [0x00796A4B+1075787]
	Ordinal0 [0x00796BB3+1076147]
	Ordinal0 [0x00795B65+1071973]
	BaseThreadInitThunk [0x76066359+25]
	RtlGetAppContainerNamedObjectPath [0x777A7B74+228]
	RtlGetAppContainerNamedObjectPath [0x777A7B44+180]

	at org.openqa.selenium.remote.W3CHandshakeResponse.lambda$errorHandler$0(W3CHandshakeResponse.java:62)
	at org.openqa.selenium.remote.HandshakeResponse.lambda$getResponseFunction$0(HandshakeResponse.java:30)
	at org.openqa.selenium.remote.ProtocolHandshake.lambda$createSession$0(ProtocolHandshake.java:126)
	at java.util.stream.ReferencePipeline$3$1.accept(Unknown Source)
	at java.util.Spliterators$ArraySpliterator.tryAdvance(Unknown Source)
	at java.util.stream.ReferencePipeline.forEachWithCancel(Unknown Source)
	at java.util.stream.AbstractPipeline.copyIntoWithCancel(Unknown Source)
	at java.util.stream.AbstractPipeline.copyInto(Unknown Source)
	at java.util.stream.AbstractPipeline.wrapAndCopyInto(Unknown Source)
	at java.util.stream.FindOps$FindOp.evaluateSequential(Unknown Source)
	at java.util.stream.AbstractPipeline.evaluate(Unknown Source)
	at java.util.stream.ReferencePipeline.findFirst(Unknown Source)
	at org.openqa.selenium.remote.ProtocolHandshake.createSession(ProtocolHandshake.java:128)
	at org.openqa.selenium.remote.ProtocolHandshake.createSession(ProtocolHandshake.java:74)
	at org.openqa.selenium.remote.HttpCommandExecutor.execute(HttpCommandExecutor.java:136)
	at org.openqa.selenium.remote.service.DriverCommandExecutor.execute(DriverCommandExecutor.java:83)
	at org.openqa.selenium.remote.RemoteWebDriver.execute(RemoteWebDriver.java:552)
	at org.openqa.selenium.remote.RemoteWebDriver.startSession(RemoteWebDriver.java:213)
	at org.openqa.selenium.remote.RemoteWebDriver.<init>(RemoteWebDriver.java:131)
	at org.openqa.selenium.chrome.ChromeDriver.<init>(ChromeDriver.java:181)
	at org.openqa.selenium.chrome.ChromeDriver.<init>(ChromeDriver.java:168)
	at org.openqa.selenium.chrome.ChromeDriver.<init>(ChromeDriver.java:123)
	at com.training.utility.DriverFactory.getDriver(DriverFactory.java:24)
	at com.training.sanity.tests.RealEstateRETC_077.setUp(RealEstateRETC_077.java:36)
... Removed 30 stack frames]]>
    </failure>
  </testcase> <!-- @BeforeMethod setUp -->
  <testcase name="@AfterMethod tearDown" time="0.0" classname="com.training.sanity.tests.RealEstateRETC_077">
    <skipped/>
  </testcase> <!-- @AfterMethod tearDown -->
  <testcase name="@BeforeMethod setUp" time="0.0" classname="com.training.sanity.tests.RealEstateRETC_078">
    <failure type="org.openqa.selenium.SessionNotCreatedException" message="session not created: This version of ChromeDriver only supports Chrome version 76
Build info: version: &amp;apos;3.141.59&amp;apos;, revision: &amp;apos;e82be7d358&amp;apos;, time: &amp;apos;2018-11-14T08:25:53&amp;apos;
System info: host: &amp;apos;DESKTOP-HSI482M&amp;apos;, ip: &amp;apos;192.168.43.126&amp;apos;, os.name: &amp;apos;Windows 10&amp;apos;, os.arch: &amp;apos;amd64&amp;apos;, os.version: &amp;apos;10.0&amp;apos;, java.version: &amp;apos;1.8.0_231&amp;apos;
Driver info: driver.version: ChromeDriver
remote stacktrace: Backtrace:
	Ordinal0 [0x007F7C53+1473619]
	Ordinal0 [0x0077AD71+961905]
	Ordinal0 [0x007042B3+475827]
	Ordinal0 [0x0069F365+62309]
	Ordinal0 [0x0069BC77+48247]
	Ordinal0 [0x006B9149+168265]
	Ordinal0 [0x006B8D1D+167197]
	Ordinal0 [0x006B742B+160811]
	Ordinal0 [0x006A0AE6+68326]
	Ordinal0 [0x006A1BF0+72688]
	Ordinal0 [0x006A1B89+72585]
	Ordinal0 [0x00794B37+1067831]
	GetHandleVerifier [0x00896845+506677]
	GetHandleVerifier [0x008965E0+506064]
	GetHandleVerifier [0x0089D188+533624]
	GetHandleVerifier [0x0089701A+508682]
	Ordinal0 [0x0078C226+1032742]
	Ordinal0 [0x0078C09F+1032351]
	Ordinal0 [0x00796A4B+1075787]
	Ordinal0 [0x00796BB3+1076147]
	Ordinal0 [0x00795B65+1071973]
	BaseThreadInitThunk [0x76066359+25]
	RtlGetAppContainerNamedObjectPath [0x777A7B74+228]
	RtlGetAppContainerNamedObjectPath [0x777A7B44+180]
">
      <![CDATA[org.openqa.selenium.SessionNotCreatedException: session not created: This version of ChromeDriver only supports Chrome version 76
Build info: version: '3.141.59', revision: 'e82be7d358', time: '2018-11-14T08:25:53'
System info: host: 'DESKTOP-HSI482M', ip: '192.168.43.126', os.name: 'Windows 10', os.arch: 'amd64', os.version: '10.0', java.version: '1.8.0_231'
Driver info: driver.version: ChromeDriver
remote stacktrace: Backtrace:
	Ordinal0 [0x007F7C53+1473619]
	Ordinal0 [0x0077AD71+961905]
	Ordinal0 [0x007042B3+475827]
	Ordinal0 [0x0069F365+62309]
	Ordinal0 [0x0069BC77+48247]
	Ordinal0 [0x006B9149+168265]
	Ordinal0 [0x006B8D1D+167197]
	Ordinal0 [0x006B742B+160811]
	Ordinal0 [0x006A0AE6+68326]
	Ordinal0 [0x006A1BF0+72688]
	Ordinal0 [0x006A1B89+72585]
	Ordinal0 [0x00794B37+1067831]
	GetHandleVerifier [0x00896845+506677]
	GetHandleVerifier [0x008965E0+506064]
	GetHandleVerifier [0x0089D188+533624]
	GetHandleVerifier [0x0089701A+508682]
	Ordinal0 [0x0078C226+1032742]
	Ordinal0 [0x0078C09F+1032351]
	Ordinal0 [0x00796A4B+1075787]
	Ordinal0 [0x00796BB3+1076147]
	Ordinal0 [0x00795B65+1071973]
	BaseThreadInitThunk [0x76066359+25]
	RtlGetAppContainerNamedObjectPath [0x777A7B74+228]
	RtlGetAppContainerNamedObjectPath [0x777A7B44+180]

	at org.openqa.selenium.remote.W3CHandshakeResponse.lambda$errorHandler$0(W3CHandshakeResponse.java:62)
	at org.openqa.selenium.remote.HandshakeResponse.lambda$getResponseFunction$0(HandshakeResponse.java:30)
	at org.openqa.selenium.remote.ProtocolHandshake.lambda$createSession$0(ProtocolHandshake.java:126)
	at java.util.stream.ReferencePipeline$3$1.accept(Unknown Source)
	at java.util.Spliterators$ArraySpliterator.tryAdvance(Unknown Source)
	at java.util.stream.ReferencePipeline.forEachWithCancel(Unknown Source)
	at java.util.stream.AbstractPipeline.copyIntoWithCancel(Unknown Source)
	at java.util.stream.AbstractPipeline.copyInto(Unknown Source)
	at java.util.stream.AbstractPipeline.wrapAndCopyInto(Unknown Source)
	at java.util.stream.FindOps$FindOp.evaluateSequential(Unknown Source)
	at java.util.stream.AbstractPipeline.evaluate(Unknown Source)
	at java.util.stream.ReferencePipeline.findFirst(Unknown Source)
	at org.openqa.selenium.remote.ProtocolHandshake.createSession(ProtocolHandshake.java:128)
	at org.openqa.selenium.remote.ProtocolHandshake.createSession(ProtocolHandshake.java:74)
	at org.openqa.selenium.remote.HttpCommandExecutor.execute(HttpCommandExecutor.java:136)
	at org.openqa.selenium.remote.service.DriverCommandExecutor.execute(DriverCommandExecutor.java:83)
	at org.openqa.selenium.remote.RemoteWebDriver.execute(RemoteWebDriver.java:552)
	at org.openqa.selenium.remote.RemoteWebDriver.startSession(RemoteWebDriver.java:213)
	at org.openqa.selenium.remote.RemoteWebDriver.<init>(RemoteWebDriver.java:131)
	at org.openqa.selenium.chrome.ChromeDriver.<init>(ChromeDriver.java:181)
	at org.openqa.selenium.chrome.ChromeDriver.<init>(ChromeDriver.java:168)
	at org.openqa.selenium.chrome.ChromeDriver.<init>(ChromeDriver.java:123)
	at com.training.utility.DriverFactory.getDriver(DriverFactory.java:24)
	at com.training.sanity.tests.RealEstateRETC_078.setUp(RealEstateRETC_078.java:37)
... Removed 30 stack frames]]>
    </failure>
  </testcase> <!-- @BeforeMethod setUp -->
  <testcase name="@AfterMethod tearDown" time="0.0" classname="com.training.sanity.tests.RealEstateRETC_078">
    <skipped/>
  </testcase> <!-- @AfterMethod tearDown -->
  <testcase name="validLoginTest" time="0.003" classname="com.training.sanity.tests.RealEstateRETC_016">
    <skipped/>
  </testcase> <!-- validLoginTest -->
  <testcase name="addNewPost" time="0.001" classname="com.training.sanity.tests.RealEstateRETC_017">
    <skipped/>
  </testcase> <!-- addNewPost -->
  <testcase name="validLoginTest" time="0.0" classname="com.training.sanity.tests.RealEstateRETC_018">
    <skipped/>
  </testcase> <!-- validLoginTest -->
  <testcase name="enterIntoComments" time="0.003" classname="com.training.sanity.tests.RealEstateRETC_046">
    <skipped/>
  </testcase> <!-- enterIntoComments -->
  <testcase name="OpsOnproperties" time="0.0" classname="com.training.sanity.tests.RealEstateRETC_047">
    <skipped/>
  </testcase> <!-- OpsOnproperties -->
  <testcase name="restorePost" time="0.001" classname="com.training.sanity.tests.RealEstateRETC_048">
    <skipped/>
  </testcase> <!-- restorePost -->
  <testcase name="validLoginTest" time="0.003" classname="com.training.sanity.tests.RealEstateRETC_076">
    <skipped/>
  </testcase> <!-- validLoginTest -->
  <testcase name="validLoginTest" time="0.0" classname="com.training.sanity.tests.RealEstateRETC_077">
    <skipped/>
  </testcase> <!-- validLoginTest -->
  <testcase name="validLoginTest" time="0.008" classname="com.training.sanity.tests.RealEstateRETC_078">
    <skipped/>
  </testcase> <!-- validLoginTest -->
</testsuite> <!-- Sample test -->
